  gui.cpp
E:\C++\C++ project\CPP project\gui.cpp(323,47): warning C4305: 'argument': truncation from 'double' to 'float'
E:\C++\C++ project\CPP project\gui.cpp(343,47): warning C4305: 'argument': truncation from 'double' to 'float'
E:\C++\C++ project\CPP project\gui.cpp(401,47): warning C4305: 'argument': truncation from 'double' to 'float'
E:\C++\C++ project\CPP project\gui.cpp(411,65): warning C4305: 'argument': truncation from 'double' to 'float'
E:\C++\C++ project\CPP project\gui.cpp(421,67): warning C4305: 'argument': truncation from 'double' to 'float'
E:\C++\C++ project\CPP project\gui.cpp(431,70): warning C4305: 'argument': truncation from 'double' to 'float'
E:\C++\C++ project\CPP project\gui.cpp(441,68): warning C4305: 'argument': truncation from 'double' to 'float'
E:\C++\C++ project\CPP project\gui.cpp(451,48): warning C4305: 'argument': truncation from 'double' to 'float'
E:\C++\C++ project\CPP project\gui.cpp(461,69): warning C4305: 'argument': truncation from 'double' to 'float'
E:\C++\C++ project\CPP project\gui.cpp(471,72): warning C4305: 'argument': truncation from 'double' to 'float'
E:\C++\C++ project\CPP project\gui.cpp(481,73): warning C4305: 'argument': truncation from 'double' to 'float'
E:\C++\C++ project\CPP project\gui.cpp(492,40): warning C4305: 'argument': truncation from 'double' to 'float'
  main.cpp
  Movie.cpp
E:\C++\C++ project\CPP project\Movie.cpp(95,32): warning C4267: 'initializing': conversion from 'size_t' to 'int', possible loss of data
E:\C++\C++ project\CPP project\Movie.cpp(110,31): warning C4267: 'initializing': conversion from 'size_t' to 'int', possible loss of data
E:\C++\C++ project\CPP project\Movie.cpp(124,35): warning C4267: 'initializing': conversion from 'size_t' to 'int', possible loss of data
E:\C++\C++ project\CPP project\Movie.cpp(133,32): warning C4267: 'initializing': conversion from 'size_t' to 'int', possible loss of data
E:\C++\C++ project\CPP project\Movie.cpp(146,34): warning C4267: 'initializing': conversion from 'size_t' to 'int', possible loss of data
  MovieBrowser.cpp
E:\C++\C++ project\CPP project\MovieBrowser.cpp(239,20): warning C4244: 'initializing': conversion from 'int' to 'float', possible loss of data
E:\C++\C++ project\CPP project\MovieBrowser.cpp(263,20): warning C4244: 'initializing': conversion from 'int' to 'float', possible loss of data
E:\C++\C++ project\CPP project\MovieBrowser.cpp(279,19): warning C4244: 'initializing': conversion from 'int' to 'float', possible loss of data
  Generating Code...
sggd.lib(graphics.obj) : warning LNK4099: PDB '' was not found with 'sggd.lib(graphics.obj)' or at ''; linking object as if no debug info
sggd.lib(GLbackend.obj) : warning LNK4099: PDB '' was not found with 'sggd.lib(GLbackend.obj)' or at ''; linking object as if no debug info
sggd.lib(shader.obj) : warning LNK4099: PDB '' was not found with 'sggd.lib(shader.obj)' or at ''; linking object as if no debug info
sggd.lib(fonts.obj) : warning LNK4099: PDB '' was not found with 'sggd.lib(fonts.obj)' or at ''; linking object as if no debug info
sggd.lib(texture.obj) : warning LNK4099: PDB '' was not found with 'sggd.lib(texture.obj)' or at ''; linking object as if no debug info
sggd.lib(AudioManager.obj) : warning LNK4099: PDB '' was not found with 'sggd.lib(AudioManager.obj)' or at ''; linking object as if no debug info
sggd.lib(lodepng.obj) : warning LNK4099: PDB '' was not found with 'sggd.lib(lodepng.obj)' or at ''; linking object as if no debug info
  CPP project.vcxproj -> E:\C++\C++ project\bin\MovieBrowser2023d.exe
